<testsuites>
	<testsuite name="AllTests" tests="9">
		<testcase classname="AllTests" name="testConstructor"/>
		<testcase classname="AllTests" name="testInsertHead_1Element"/>
		<testcase classname="AllTests" name="testInsertHead_5Element">
			<failure message="Test.cpp:123 testInsertHead_5Element: expectedCheck == actualCheck expected:	1	but was:	0	">
testInsertHead_5Element: expectedCheck == actualCheck expected:	1	but was:	0	
			</failure>
		</testcase>
		<testcase classname="AllTests" name="testInsertTail_1Element"/>
		<testcase classname="AllTests" name="testInsertTail_5Element"/>
		<testcase classname="AllTests" name="testRemoveHead_1Element"/>
		<testcase classname="AllTests" name="testRemoveHead_5Element">
			<failure message="Test.cpp:277 testRemoveHead_5Element: expectedCheck == actualCheck expected:	1	but was:	0	">
testRemoveHead_5Element: expectedCheck == actualCheck expected:	1	but was:	0	
			</failure>
		</testcase>
		<testcase classname="AllTests" name="testRemoveTail_1Element"/>
		<testcase classname="AllTests" name="testRemoveTail_5Element"/>
	</testsuite>
</testsuites>
